Logfile initialized
[INFO] logfile = /Users/David/Documents/Titanium Studio Workspace/Dope/build.log
[DEBUG] /Users/David/Library/Application Support/Titanium/mobilesdk/osx/1.8.0.1/android/builder.py simulator Dope /Users/David/Documents/Android SDK /Users/David/Documents/Titanium Studio Workspace/Dope com.strelets.dope 7 HVGA 
[INFO] Building Dope for Android ... one moment
[INFO] Titanium SDK version: 1.8.0.1 (12/22/11 13:09 fbdc96f)
[DEBUG] Waiting for device to be ready ...
[TRACE] adb devices returned 0 devices/emulators
[TRACE] adb devices returned 1 devices/emulators
[TRACE] adb devices returned 1 devices/emulators
[TRACE] adb devices returned 1 devices/emulators
[TRACE] adb devices returned 1 devices/emulators
[TRACE] adb devices returned 1 devices/emulators
[TRACE] adb devices returned 1 devices/emulators
[TRACE] adb devices returned 1 devices/emulators
[DEBUG] Device connected... (waited 35 seconds)
[DEBUG] waited 35.193893 seconds on emulator to get ready
[INFO] Waiting for the Android Emulator to become available
[DEBUG] com.strelets.dope installed? True
[INFO] Fastdev server running, deploying in Fastdev mode
[INFO] Copying project resources..
[INFO] Detected tiapp.xml change (or assets deleted), forcing full re-build...
[TRACE] COPYING CREATED FILE: /Users/David/Documents/Titanium Studio Workspace/Dope/Resources/android/appicon.png => /Users/David/Documents/Titanium Studio Workspace/Dope/build/android/bin/assets/Resources/appicon.png
[TRACE] COPYING CREATED FILE: /Users/David/Documents/Titanium Studio Workspace/Dope/Resources/android/default.png => /Users/David/Documents/Titanium Studio Workspace/Dope/build/android/bin/assets/Resources/default.png
[TRACE] COPYING CREATED FILE: /Users/David/Documents/Titanium Studio Workspace/Dope/Resources/app.js => /Users/David/Documents/Titanium Studio Workspace/Dope/build/android/bin/assets/Resources/app.js
[TRACE] COPYING CREATED FILE: /Users/David/Documents/Titanium Studio Workspace/Dope/Resources/defines.js => /Users/David/Documents/Titanium Studio Workspace/Dope/build/android/bin/assets/Resources/defines.js
[TRACE] COPYING CREATED FILE: /Users/David/Documents/Titanium Studio Workspace/Dope/Resources/KS_nav_ui.png => /Users/David/Documents/Titanium Studio Workspace/Dope/build/android/bin/assets/Resources/KS_nav_ui.png
[TRACE] COPYING CREATED FILE: /Users/David/Documents/Titanium Studio Workspace/Dope/Resources/KS_nav_views.png => /Users/David/Documents/Titanium Studio Workspace/Dope/build/android/bin/assets/Resources/KS_nav_views.png
[TRACE] COPYING CREATED FILE: /Users/David/Documents/Titanium Studio Workspace/Dope/Resources/lib/com.obscure.couchdb_client.js => /Users/David/Documents/Titanium Studio Workspace/Dope/build/android/bin/assets/Resources/lib/com.obscure.couchdb_client.js
[TRACE] COPYING CREATED FILE: /Users/David/Documents/Titanium Studio Workspace/Dope/Resources/lib/commonFuncs.js => /Users/David/Documents/Titanium Studio Workspace/Dope/build/android/bin/assets/Resources/lib/commonFuncs.js
[TRACE] COPYING CREATED FILE: /Users/David/Documents/Titanium Studio Workspace/Dope/Resources/lib/facebook.js => /Users/David/Documents/Titanium Studio Workspace/Dope/build/android/bin/assets/Resources/lib/facebook.js
[TRACE] COPYING CREATED FILE: /Users/David/Documents/Titanium Studio Workspace/Dope/Resources/lib/NavigationController.js => /Users/David/Documents/Titanium Studio Workspace/Dope/build/android/bin/assets/Resources/lib/NavigationController.js
[TRACE] COPYING CREATED FILE: /Users/David/Documents/Titanium Studio Workspace/Dope/Resources/lib/profile.js => /Users/David/Documents/Titanium Studio Workspace/Dope/build/android/bin/assets/Resources/lib/profile.js
[TRACE] COPYING CREATED FILE: /Users/David/Documents/Titanium Studio Workspace/Dope/Resources/lib/tableFactory.js => /Users/David/Documents/Titanium Studio Workspace/Dope/build/android/bin/assets/Resources/lib/tableFactory.js
[TRACE] COPYING CREATED FILE: /Users/David/Documents/Titanium Studio Workspace/Dope/Resources/privacypolicy.txt => /Users/David/Documents/Titanium Studio Workspace/Dope/build/android/bin/assets/Resources/privacypolicy.txt
[TRACE] COPYING CREATED FILE: /Users/David/Documents/Titanium Studio Workspace/Dope/Resources/termsofuse.txt => /Users/David/Documents/Titanium Studio Workspace/Dope/build/android/bin/assets/Resources/termsofuse.txt
[TRACE] COPYING CREATED FILE: /Users/David/Documents/Titanium Studio Workspace/Dope/Resources/windows/chat.js => /Users/David/Documents/Titanium Studio Workspace/Dope/build/android/bin/assets/Resources/windows/chat.js
[TRACE] COPYING CREATED FILE: /Users/David/Documents/Titanium Studio Workspace/Dope/Resources/windows/login.js => /Users/David/Documents/Titanium Studio Workspace/Dope/build/android/bin/assets/Resources/windows/login.js
[TRACE] COPYING CREATED FILE: /Users/David/Documents/Titanium Studio Workspace/Dope/Resources/windows/options.js => /Users/David/Documents/Titanium Studio Workspace/Dope/build/android/bin/assets/Resources/windows/options.js
[TRACE] COPYING CREATED FILE: /Users/David/Documents/Titanium Studio Workspace/Dope/Resources/windows/partyline.js => /Users/David/Documents/Titanium Studio Workspace/Dope/build/android/bin/assets/Resources/windows/partyline.js
[TRACE] COPYING CREATED FILE: /Users/David/Documents/Titanium Studio Workspace/Dope/Resources/windows/profile.js => /Users/David/Documents/Titanium Studio Workspace/Dope/build/android/bin/assets/Resources/windows/profile.js
[TRACE] COPYING CREATED FILE: /Users/David/Documents/Titanium Studio Workspace/Dope/Resources/windows/scopeout.js => /Users/David/Documents/Titanium Studio Workspace/Dope/build/android/bin/assets/Resources/windows/scopeout.js
[TRACE] COPYING CREATED FILE: /Users/David/Documents/Titanium Studio Workspace/Dope/Resources/windows/textFile.js => /Users/David/Documents/Titanium Studio Workspace/Dope/build/android/bin/assets/Resources/windows/textFile.js
[TRACE] COPYING CREATED FILE: /Users/David/Documents/Titanium Studio Workspace/Dope/Resources/windows/verifyAcc.js => /Users/David/Documents/Titanium Studio Workspace/Dope/build/android/bin/assets/Resources/windows/verifyAcc.js
[TRACE] COPYING CREATED FILE: /Users/David/Documents/Titanium Studio Workspace/Dope/Resources/windows/wizard1.js => /Users/David/Documents/Titanium Studio Workspace/Dope/build/android/bin/assets/Resources/windows/wizard1.js
[TRACE] COPYING CREATED FILE: /Users/David/Documents/Titanium Studio Workspace/Dope/Resources/windows/wizard2.js => /Users/David/Documents/Titanium Studio Workspace/Dope/build/android/bin/assets/Resources/windows/wizard2.js
[TRACE] COPYING CREATED FILE: /Users/David/Documents/Titanium Studio Workspace/Dope/Resources/windows/wizard3.js => /Users/David/Documents/Titanium Studio Workspace/Dope/build/android/bin/assets/Resources/windows/wizard3.js
[TRACE] COPYING CREATED FILE: /Users/David/Documents/Titanium Studio Workspace/Dope/Resources/windows/wizard4.js => /Users/David/Documents/Titanium Studio Workspace/Dope/build/android/bin/assets/Resources/windows/wizard4.js
[TRACE] Generating Java Classes
[DEBUG] Processing Android resource drawables
[TRACE] COPYING FILE: /Users/David/Documents/Titanium Studio Workspace/Dope/Resources/android/images/res-long-land-hdpi/default.png => /Users/David/Documents/Titanium Studio Workspace/Dope/build/android/res/drawable-long-land-hdpi/default_d44e27d97b.png
[TRACE] COPYING FILE: /Users/David/Documents/Titanium Studio Workspace/Dope/Resources/android/images/res-long-land-ldpi/default.png => /Users/David/Documents/Titanium Studio Workspace/Dope/build/android/res/drawable-long-land-ldpi/default_d44e27d97b.png
[TRACE] COPYING FILE: /Users/David/Documents/Titanium Studio Workspace/Dope/Resources/android/images/res-long-port-hdpi/default.png => /Users/David/Documents/Titanium Studio Workspace/Dope/build/android/res/drawable-long-port-hdpi/default_d44e27d97b.png
[TRACE] COPYING FILE: /Users/David/Documents/Titanium Studio Workspace/Dope/Resources/android/images/res-long-port-ldpi/default.png => /Users/David/Documents/Titanium Studio Workspace/Dope/build/android/res/drawable-long-port-ldpi/default_d44e27d97b.png
[TRACE] COPYING FILE: /Users/David/Documents/Titanium Studio Workspace/Dope/Resources/android/images/res-notlong-land-hdpi/default.png => /Users/David/Documents/Titanium Studio Workspace/Dope/build/android/res/drawable-notlong-land-hdpi/default_d44e27d97b.png
[TRACE] COPYING FILE: /Users/David/Documents/Titanium Studio Workspace/Dope/Resources/android/images/res-notlong-land-ldpi/default.png => /Users/David/Documents/Titanium Studio Workspace/Dope/build/android/res/drawable-notlong-land-ldpi/default_d44e27d97b.png
[TRACE] COPYING FILE: /Users/David/Documents/Titanium Studio Workspace/Dope/Resources/android/images/res-notlong-land-mdpi/default.png => /Users/David/Documents/Titanium Studio Workspace/Dope/build/android/res/drawable-notlong-land-mdpi/default_d44e27d97b.png
[TRACE] COPYING FILE: /Users/David/Documents/Titanium Studio Workspace/Dope/Resources/android/images/res-notlong-port-hdpi/default.png => /Users/David/Documents/Titanium Studio Workspace/Dope/build/android/res/drawable-notlong-port-hdpi/default_d44e27d97b.png
[TRACE] COPYING FILE: /Users/David/Documents/Titanium Studio Workspace/Dope/Resources/android/images/res-notlong-port-ldpi/default.png => /Users/David/Documents/Titanium Studio Workspace/Dope/build/android/res/drawable-notlong-port-ldpi/default_d44e27d97b.png
[TRACE] COPYING FILE: /Users/David/Documents/Titanium Studio Workspace/Dope/Resources/android/images/res-notlong-port-mdpi/default.png => /Users/David/Documents/Titanium Studio Workspace/Dope/build/android/res/drawable-notlong-port-mdpi/default_d44e27d97b.png
[DEBUG] copying app icon: /Users/David/Documents/Titanium Studio Workspace/Dope/build/android/bin/assets/Resources/appicon.png
[DEBUG] generating theme.xml
[DEBUG] found drawable-long-land-hdpi splash screen at /Users/David/Documents/Titanium Studio Workspace/Dope/Resources/android/images/res-long-land-hdpi/default.png
[DEBUG] copying /Users/David/Documents/Titanium Studio Workspace/Dope/Resources/android/images/res-long-land-hdpi/default.png splash screen to /Users/David/Documents/Titanium Studio Workspace/Dope/build/android/res/drawable-long-land-hdpi/background.png
[DEBUG] found drawable-long-land-ldpi splash screen at /Users/David/Documents/Titanium Studio Workspace/Dope/Resources/android/images/res-long-land-ldpi/default.png
[DEBUG] copying /Users/David/Documents/Titanium Studio Workspace/Dope/Resources/android/images/res-long-land-ldpi/default.png splash screen to /Users/David/Documents/Titanium Studio Workspace/Dope/build/android/res/drawable-long-land-ldpi/background.png
[DEBUG] found drawable-long-port-hdpi splash screen at /Users/David/Documents/Titanium Studio Workspace/Dope/Resources/android/images/res-long-port-hdpi/default.png
[DEBUG] copying /Users/David/Documents/Titanium Studio Workspace/Dope/Resources/android/images/res-long-port-hdpi/default.png splash screen to /Users/David/Documents/Titanium Studio Workspace/Dope/build/android/res/drawable-long-port-hdpi/background.png
[DEBUG] found drawable-long-port-ldpi splash screen at /Users/David/Documents/Titanium Studio Workspace/Dope/Resources/android/images/res-long-port-ldpi/default.png
[DEBUG] copying /Users/David/Documents/Titanium Studio Workspace/Dope/Resources/android/images/res-long-port-ldpi/default.png splash screen to /Users/David/Documents/Titanium Studio Workspace/Dope/build/android/res/drawable-long-port-ldpi/background.png
[DEBUG] found drawable-notlong-land-hdpi splash screen at /Users/David/Documents/Titanium Studio Workspace/Dope/Resources/android/images/res-notlong-land-hdpi/default.png
[DEBUG] copying /Users/David/Documents/Titanium Studio Workspace/Dope/Resources/android/images/res-notlong-land-hdpi/default.png splash screen to /Users/David/Documents/Titanium Studio Workspace/Dope/build/android/res/drawable-notlong-land-hdpi/background.png
[DEBUG] found drawable-notlong-land-ldpi splash screen at /Users/David/Documents/Titanium Studio Workspace/Dope/Resources/android/images/res-notlong-land-ldpi/default.png
[DEBUG] copying /Users/David/Documents/Titanium Studio Workspace/Dope/Resources/android/images/res-notlong-land-ldpi/default.png splash screen to /Users/David/Documents/Titanium Studio Workspace/Dope/build/android/res/drawable-notlong-land-ldpi/background.png
[DEBUG] found drawable-notlong-land-mdpi splash screen at /Users/David/Documents/Titanium Studio Workspace/Dope/Resources/android/images/res-notlong-land-mdpi/default.png
[DEBUG] copying /Users/David/Documents/Titanium Studio Workspace/Dope/Resources/android/images/res-notlong-land-mdpi/default.png splash screen to /Users/David/Documents/Titanium Studio Workspace/Dope/build/android/res/drawable-notlong-land-mdpi/background.png
[DEBUG] found drawable-notlong-port-hdpi splash screen at /Users/David/Documents/Titanium Studio Workspace/Dope/Resources/android/images/res-notlong-port-hdpi/default.png
[DEBUG] copying /Users/David/Documents/Titanium Studio Workspace/Dope/Resources/android/images/res-notlong-port-hdpi/default.png splash screen to /Users/David/Documents/Titanium Studio Workspace/Dope/build/android/res/drawable-notlong-port-hdpi/background.png
[DEBUG] found drawable-notlong-port-ldpi splash screen at /Users/David/Documents/Titanium Studio Workspace/Dope/Resources/android/images/res-notlong-port-ldpi/default.png
[DEBUG] copying /Users/David/Documents/Titanium Studio Workspace/Dope/Resources/android/images/res-notlong-port-ldpi/default.png splash screen to /Users/David/Documents/Titanium Studio Workspace/Dope/build/android/res/drawable-notlong-port-ldpi/background.png
[DEBUG] found drawable-notlong-port-mdpi splash screen at /Users/David/Documents/Titanium Studio Workspace/Dope/Resources/android/images/res-notlong-port-mdpi/default.png
[DEBUG] copying /Users/David/Documents/Titanium Studio Workspace/Dope/Resources/android/images/res-notlong-port-mdpi/default.png splash screen to /Users/David/Documents/Titanium Studio Workspace/Dope/build/android/res/drawable-notlong-port-mdpi/background.png
[DEBUG] found splash screen at /Users/David/Documents/Titanium Studio Workspace/Dope/build/android/bin/assets/Resources/default.png
[TRACE] Writing out AndroidManifest.xml
[DEBUG] adding /Users/David/Documents/Titanium Studio Workspace/Dope/build/android/gen/com/strelets/dope/DopeActivity.java to javac build list
[DEBUG] adding /Users/David/Documents/Titanium Studio Workspace/Dope/build/android/gen/com/strelets/dope/DopeAppInfo.java to javac build list
[DEBUG] adding /Users/David/Documents/Titanium Studio Workspace/Dope/build/android/gen/com/strelets/dope/DopeApplication.java to javac build list
[DEBUG] adding /Users/David/Documents/Titanium Studio Workspace/Dope/build/android/gen/com/strelets/dope/R.java to javac build list
[DEBUG] Building Java Sources: "/Users/David/Documents/Titanium Studio Workspace/Dope/build/android/gen/com/strelets/dope/DopeActivity.java" "/Users/David/Documents/Titanium Studio Workspace/Dope/build/android/gen/com/strelets/dope/DopeAppInfo.java" "/Users/David/Documents/Titanium Studio Workspace/Dope/build/android/gen/com/strelets/dope/DopeApplication.java" "/Users/David/Documents/Titanium Studio Workspace/Dope/build/android/gen/com/strelets/dope/R.java"
[INFO] Waiting for SDCard to become available..
[INFO] Compiling Android Resources... This could take some time
[DEBUG] Android classes.dex built
[DEBUG] creating unsigned apk: /Users/David/Documents/Titanium Studio Workspace/Dope/build/android/bin/app-unsigned.apk
[DEBUG] from resource zip => assets/Resources/lib/NavigationController.js
[DEBUG] from resource zip => assets/Resources/lib/com.obscure.couchdb_client.js
[DEBUG] from resource zip => assets/Resources/lib/commonFuncs.js
[DEBUG] from resource zip => assets/Resources/lib/facebook.js
[DEBUG] from resource zip => assets/Resources/lib/profile.js
[DEBUG] from resource zip => assets/Resources/lib/tableFactory.js
[DEBUG] from resource zip => assets/Resources/windows/chat.js
[DEBUG] from resource zip => assets/Resources/windows/login.js
[DEBUG] from resource zip => assets/Resources/windows/options.js
[DEBUG] from resource zip => assets/Resources/windows/partyline.js
[DEBUG] from resource zip => assets/Resources/windows/profile.js
[DEBUG] from resource zip => assets/Resources/windows/scopeout.js
[DEBUG] from resource zip => assets/Resources/windows/textFile.js
[DEBUG] from resource zip => assets/Resources/windows/verifyAcc.js
[DEBUG] from resource zip => assets/Resources/windows/wizard1.js
[DEBUG] from resource zip => assets/Resources/windows/wizard2.js
[DEBUG] from resource zip => assets/Resources/windows/wizard3.js
[DEBUG] from resource zip => assets/Resources/windows/wizard4.js
[DEBUG] from resource zip => assets/Resources/KS_nav_ui.png
[DEBUG] from resource zip => assets/Resources/KS_nav_views.png
[DEBUG] from resource zip => assets/Resources/app.js
[DEBUG] from resource zip => assets/Resources/appicon.png
[DEBUG] from resource zip => assets/Resources/default.png
[DEBUG] from resource zip => assets/Resources/defines.js
[DEBUG] from resource zip => assets/Resources/privacypolicy.txt
[DEBUG] from resource zip => assets/Resources/termsofuse.txt
[DEBUG] from resource zip => assets/app.json
[DEBUG] from resource zip => assets/index.json
[DEBUG] from resource zip => assets/tiapp.xml
[DEBUG] from resource zip => res/drawable/appicon.png
[DEBUG] from resource zip => res/drawable/background.png
[DEBUG] from resource zip => res/drawable/close.png
[DEBUG] from resource zip => res/drawable/facebook_login.png
[DEBUG] from resource zip => res/drawable/facebook_login_down.png
[DEBUG] from resource zip => res/drawable/facebook_login_wide.png
[DEBUG] from resource zip => res/drawable/facebook_login_wide_down.png
[DEBUG] from resource zip => res/drawable/facebook_logout.png
[DEBUG] from resource zip => res/drawable/facebook_logout_down.png
[DEBUG] from resource zip => res/layout/titanium_tabgroup.xml
[DEBUG] from resource zip => AndroidManifest.xml
[DEBUG] from resource zip => resources.arsc
[DEBUG] from resource zip => res/drawable-hdpi/close.png
[DEBUG] from resource zip => res/drawable-ldpi/close.png
[DEBUG] from resource zip => res/drawable-long-land-hdpi/background.png
[DEBUG] from resource zip => res/drawable-long-land-hdpi/default_d44e27d97b.png
[DEBUG] from resource zip => res/drawable-long-land-ldpi/background.png
[DEBUG] from resource zip => res/drawable-long-land-ldpi/default_d44e27d97b.png
[DEBUG] from resource zip => res/drawable-long-port-hdpi/background.png
[DEBUG] from resource zip => res/drawable-long-port-hdpi/default_d44e27d97b.png
[DEBUG] from resource zip => res/drawable-long-port-ldpi/background.png
[DEBUG] from resource zip => res/drawable-long-port-ldpi/default_d44e27d97b.png
[DEBUG] from resource zip => res/drawable-notlong-land-hdpi/background.png
[DEBUG] from resource zip => res/drawable-notlong-land-hdpi/default_d44e27d97b.png
[DEBUG] from resource zip => res/drawable-notlong-land-ldpi/background.png
[DEBUG] from resource zip => res/drawable-notlong-land-ldpi/default_d44e27d97b.png
[DEBUG] from resource zip => res/drawable-notlong-land-mdpi/background.png
[DEBUG] from resource zip => res/drawable-notlong-land-mdpi/default_d44e27d97b.png
[DEBUG] from resource zip => res/drawable-notlong-port-hdpi/background.png
[DEBUG] from resource zip => res/drawable-notlong-port-hdpi/default_d44e27d97b.png
[DEBUG] from resource zip => res/drawable-notlong-port-ldpi/background.png
[DEBUG] from resource zip => res/drawable-notlong-port-ldpi/default_d44e27d97b.png
[DEBUG] from resource zip => res/drawable-notlong-port-mdpi/background.png
[DEBUG] from resource zip => res/drawable-notlong-port-mdpi/default_d44e27d97b.png
[DEBUG] from JAR /Users/David/Library/Application Support/Titanium/mobilesdk/osx/1.8.0.1/android/modules/titanium-facebook.jar => ti/modules/titanium/facebook/LICENSE
[DEBUG] from JAR /Users/David/Library/Application Support/Titanium/mobilesdk/osx/1.8.0.1/android/modules/titanium-ui.jar => ti/modules/titanium/ui/widget/webview/binding.js
[DEBUG] from JAR /Users/David/Library/Application Support/Titanium/mobilesdk/osx/1.8.0.1/android/modules/titanium-ui.jar => ti/modules/titanium/ui/widget/webview/binding.min.js
[DEBUG] from JAR /Users/David/Library/Application Support/Titanium/mobilesdk/osx/1.8.0.1/android/modules/titanium-ui.jar => ti/modules/titanium/ui/widget/webview/json2.js
[DEBUG] from JAR /Users/David/Library/Application Support/Titanium/mobilesdk/osx/1.8.0.1/android/titanium.jar => org/appcelerator/titanium/build.properties
[DEBUG] from JAR /Users/David/Library/Application Support/Titanium/mobilesdk/osx/1.8.0.1/android/titanium.jar => org/appcelerator/titanium/res/drawable/background.png
[DEBUG] from JAR /Users/David/Library/Application Support/Titanium/mobilesdk/osx/1.8.0.1/android/titanium.jar => org/appcelerator/titanium/res/drawable/btn_check_buttonless_on.png
[DEBUG] from JAR /Users/David/Library/Application Support/Titanium/mobilesdk/osx/1.8.0.1/android/titanium.jar => org/appcelerator/titanium/res/drawable/btn_check_buttonless_on_18.png
[DEBUG] from JAR /Users/David/Library/Application Support/Titanium/mobilesdk/osx/1.8.0.1/android/titanium.jar => org/appcelerator/titanium/res/drawable/btn_check_buttonless_on_48.png
[DEBUG] from JAR /Users/David/Library/Application Support/Titanium/mobilesdk/osx/1.8.0.1/android/titanium.jar => org/appcelerator/titanium/res/drawable/btn_more.png
[DEBUG] from JAR /Users/David/Library/Application Support/Titanium/mobilesdk/osx/1.8.0.1/android/titanium.jar => org/appcelerator/titanium/res/drawable/btn_more_18.png
[DEBUG] from JAR /Users/David/Library/Application Support/Titanium/mobilesdk/osx/1.8.0.1/android/titanium.jar => org/appcelerator/titanium/res/drawable/btn_more_48.png
[DEBUG] from JAR /Users/David/Library/Application Support/Titanium/mobilesdk/osx/1.8.0.1/android/titanium.jar => org/appcelerator/titanium/res/drawable/btn_picker_normal.9.png
[DEBUG] from JAR /Users/David/Library/Application Support/Titanium/mobilesdk/osx/1.8.0.1/android/titanium.jar => org/appcelerator/titanium/res/drawable/btn_picker_pressed.9.png
[DEBUG] from JAR /Users/David/Library/Application Support/Titanium/mobilesdk/osx/1.8.0.1/android/titanium.jar => org/appcelerator/titanium/res/drawable/btn_picker_selected.9.png
[DEBUG] from JAR /Users/David/Library/Application Support/Titanium/mobilesdk/osx/1.8.0.1/android/titanium.jar => org/appcelerator/titanium/res/drawable/default_icon.png
[DEBUG] from JAR /Users/David/Library/Application Support/Titanium/mobilesdk/osx/1.8.0.1/android/titanium.jar => org/appcelerator/titanium/res/drawable/photoDefault.png
[DEBUG] Waiting for device to be ready ...
[TRACE] adb devices returned 1 devices/emulators
[DEBUG] Device connected... (waited 0 seconds)
[DEBUG] waited 0.023145 seconds on emulator to get ready
[INFO] Installing application on device
[INFO] Launching application ... Dope
[TRACE] Launch output: Starting: Intent { act=android.intent.action.MAIN cat=[android.intent.category.LAUNCHER] cmp=com.strelets.dope/.DopeActivity }

[INFO] Deployed Dope ... Application should be running.
[DEBUG] signal caught: 15
[DEBUG] calling emulator kill on 654
